c:\users\הראל\desktop\harel\first\first\debug\vc142.pdb
c:\users\הראל\desktop\harel\first\first\debug\vc142.idb
c:\users\הראל\desktop\harel\first\first\debug\room.obj
c:\users\הראל\desktop\harel\first\first\debug\point2d.obj
c:\users\הראל\desktop\harel\first\first\debug\player.obj
c:\users\הראל\desktop\harel\first\first\debug\node.obj
c:\users\הראל\desktop\harel\first\first\debug\main.obj
c:\users\הראל\desktop\harel\first\first\debug\granade.obj
c:\users\הראל\desktop\harel\first\first\debug\compratorastar.obj
c:\users\הראל\desktop\harel\first\first\debug\comparenodes.obj
c:\users\הראל\desktop\harel\first\first\debug\bullet.obj
c:\users\הראל\desktop\harel\first\debug\first.exe
c:\users\הראל\desktop\harel\first\debug\first.ilk
c:\users\הראל\desktop\harel\first\debug\first.pdb
c:\users\הראל\desktop\harel\first\first\debug\first.tlog\cl.command.1.tlog
c:\users\הראל\desktop\harel\first\first\debug\first.tlog\cl.read.1.tlog
c:\users\הראל\desktop\harel\first\first\debug\first.tlog\cl.write.1.tlog
c:\users\הראל\desktop\harel\first\first\debug\first.tlog\link.command.1.tlog
c:\users\הראל\desktop\harel\first\first\debug\first.tlog\link.read.1.tlog
c:\users\הראל\desktop\harel\first\first\debug\first.tlog\link.write.1.tlog
